[INFO  - 2016-12-21T10:33:44.197Z] GhostDriver - Main - running on port 63907
[INFO  - 2016-12-21T10:33:44.572Z] Session [f2d09160-c768-11e6-be69-bbaed1a8b55d] - page.settings - {"XSSAuditingEnabled":false,"javascriptCanCloseWindows":true,"javascriptCanOpenWindows":true,"javascriptEnabled":true,"loadImages":true,"localToRemoteUrlAccessEnabled":false,"userAgent":"Mozilla/5.0 (Windows NT 6.1; WOW64) AppleWebKit/538.1 (KHTML, like Gecko) PhantomJS/2.1.1 Safari/538.1","webSecurityEnabled":true}
[INFO  - 2016-12-21T10:33:44.572Z] Session [f2d09160-c768-11e6-be69-bbaed1a8b55d] - page.customHeaders:  - {}
[INFO  - 2016-12-21T10:33:44.572Z] Session [f2d09160-c768-11e6-be69-bbaed1a8b55d] - Session.negotiatedCapabilities - {"browserName":"phantomjs","version":"2.1.1","driverName":"ghostdriver","driverVersion":"1.2.0","platform":"windows-7-32bit","javascriptEnabled":true,"takesScreenshot":true,"handlesAlerts":false,"databaseEnabled":false,"locationContextEnabled":false,"applicationCacheEnabled":false,"browserConnectionEnabled":false,"cssSelectorsEnabled":true,"webStorageEnabled":false,"rotatable":false,"acceptSslCerts":false,"nativeEvents":true,"proxy":{"proxyType":"direct"}}
[INFO  - 2016-12-21T10:33:44.572Z] SessionManagerReqHand - _postNewSessionCommand - New Session Created: f2d09160-c768-11e6-be69-bbaed1a8b55d
[ERROR - 2016-12-21T10:34:37.512Z] Session [f2d09160-c768-11e6-be69-bbaed1a8b55d] - page.onError - msg: TypeError: undefined is not an object (evaluating 'Q.browser.IE6')

  phantomjs://platform/console++.js:263 in error
[ERROR - 2016-12-21T10:34:37.512Z] Session [f2d09160-c768-11e6-be69-bbaed1a8b55d] - page.onError - stack:
  (anonymous function) (http://www.iqiyi.com/w_19rszrrys1.html#vfrm=2-3-0-1:118)

  phantomjs://platform/console++.js:263 in error
[ERROR - 2016-12-21T10:34:37.513Z] Session [f2d09160-c768-11e6-be69-bbaed1a8b55d] - page.onError - msg: TypeError: undefined is not an object (evaluating 'Q.player.createSpan')

  phantomjs://platform/console++.js:263 in error
[ERROR - 2016-12-21T10:34:37.513Z] Session [f2d09160-c768-11e6-be69-bbaed1a8b55d] - page.onError - stack:
  (anonymous function) (http://www.iqiyi.com/w_19rszrrys1.html#vfrm=2-3-0-1:143)

  phantomjs://platform/console++.js:263 in error
[ERROR - 2016-12-21T10:34:37.544Z] Session [f2d09160-c768-11e6-be69-bbaed1a8b55d] - page.onError - msg: TypeError: undefined is not a constructor (evaluating 'Q.$('[data-widget-suggest="suggest"]')')

  phantomjs://platform/console++.js:263 in error
[ERROR - 2016-12-21T10:34:37.545Z] Session [f2d09160-c768-11e6-be69-bbaed1a8b55d] - page.onError - stack:
  (anonymous function) (http://www.iqiyi.com/w_19rszrrys1.html#vfrm=2-3-0-1:758)

  phantomjs://platform/console++.js:263 in error
[ERROR - 2016-12-21T10:34:37.548Z] Session [f2d09160-c768-11e6-be69-bbaed1a8b55d] - page.onError - msg: TypeError: undefined is not a constructor (evaluating 'Q.$("#widget-userregistlogin")')

  phantomjs://platform/console++.js:263 in error
[ERROR - 2016-12-21T10:34:37.548Z] Session [f2d09160-c768-11e6-be69-bbaed1a8b55d] - page.onError - stack:
  (anonymous function) (http://www.iqiyi.com/w_19rszrrys1.html#vfrm=2-3-0-1:872)

  phantomjs://platform/console++.js:263 in error
[ERROR - 2016-12-21T10:34:37.595Z] Session [f2d09160-c768-11e6-be69-bbaed1a8b55d] - page.onError - msg: TypeError: undefined is not a constructor (evaluating 'Q.$('#widget-appdown-random1')')

  phantomjs://platform/console++.js:263 in error
[ERROR - 2016-12-21T10:34:37.595Z] Session [f2d09160-c768-11e6-be69-bbaed1a8b55d] - page.onError - stack:
  (anonymous function) (http://www.iqiyi.com/w_19rszrrys1.html#vfrm=2-3-0-1:1659)

  phantomjs://platform/console++.js:263 in error
[ERROR - 2016-12-21T10:35:26.743Z] Session [f2d09160-c768-11e6-be69-bbaed1a8b55d] - page.onError - msg: TypeError: undefined is not a constructor (evaluating 'Q.load('playShortVideo')')

  phantomjs://platform/console++.js:263 in error
[ERROR - 2016-12-21T10:35:26.743Z] Session [f2d09160-c768-11e6-be69-bbaed1a8b55d] - page.onError - stack:
  (anonymous function) (http://www.iqiyi.com/w_19rszrrys1.html#vfrm=2-3-0-1:2313)

  phantomjs://platform/console++.js:263 in error
[ERROR - 2016-12-21T10:36:12.508Z] Session [f2d09160-c768-11e6-be69-bbaed1a8b55d] - page.onError - msg: TypeError: undefined is not a constructor (evaluating 'Q.$(window)')

  phantomjs://platform/console++.js:263 in error
[ERROR - 2016-12-21T10:36:12.508Z] Session [f2d09160-c768-11e6-be69-bbaed1a8b55d] - page.onError - stack:
  (anonymous function) (http://static.iqiyi.com/js/pingback/qa.js:1)

  phantomjs://platform/console++.js:263 in error
[ERROR - 2016-12-21T10:36:12.510Z] Session [f2d09160-c768-11e6-be69-bbaed1a8b55d] - page.onError - msg: TypeError: undefined is not an o[INFO  - 2016-12-21T10:40:56.731Z] SessionManagerReqHand - _cleanupWindowlessSessions - Asynchronous Sessions clean-up phase starting NOW
[INFO  - 2016-12-21T10:45:56.742Z] SessionManagerReqHand - _cleanupWindowlessSessions - Asynchronous Sessions clean-up phase starting NOW
[INFO  - 2016-12-21T10:50:56.743Z] SessionManagerReqHand - _cleanupWindowlessSessions - Asynchronous Sessions clean-up phase starting NOW
s - Asynchronous Sessions clean-up phase starting NOW
[INFO  - 2016-12-21T10:42:20.208Z] SessionManagerReqHand - _cleanupWindowlessSessions - Asynchronous Sessions clean-up phase starting NOW
[INFO  - 2016-12-21T10:47:20.243Z] SessionManagerReqHand - _cleanupWindowlessSessions - Asynchronous Sessions clean-up phase starting NOW
[INFO  - 2016-12-21T10:52:20.241Z] SessionManagerReqHand - _cleanupWindowlessSessions - Asynchronous Sessions clean-up phase starting NOW
[INFO  - 2016-12-21T10:43:52.887Z] SessionManagerReqHand - _cleanupWindowlessSessions - Asynchronous Sessions clean-up phase starting NOW
[INFO  - 2016-12-21T10:48:52.892Z] SessionManagerReqHand - _cleanupWindowlessSessions - Asynchronous Sessions clean-up phase starting NOW
[INFO  - 2016-12-21T10:52:17.103Z] SessionManagerReqHand - _cleanupWindowlessSessions - Asynchronous Sessions clean-up phase starting NOW
